11:48:48,779 |-INFO in ch.qos.logback.core.joran.spi.ConfigurationWatchList@5d77b991 - URL [jar:file:/mnt/part3/Users/Graham1/workspace/teamcaptain/app/target/app-0.0.1-SNAPSHOT.jar!/logback.xml] is not of type file
11:48:49,114 |-INFO in ch.qos.logback.core.joran.action.AppenderAction - About to instantiate appender of type [ch.qos.logback.core.ConsoleAppender]
11:48:49,125 |-INFO in ch.qos.logback.core.joran.action.AppenderAction - Naming appender as [STDOUT]
11:48:49,194 |-INFO in ch.qos.logback.core.joran.action.NestedComplexPropertyIA - Assuming default type [ch.qos.logback.classic.encoder.PatternLayoutEncoder] for [encoder] property
11:48:49,293 |-INFO in ch.qos.logback.classic.joran.action.RootLoggerAction - Setting level of ROOT logger to INFO
11:48:49,294 |-INFO in ch.qos.logback.core.joran.action.AppenderRefAction - Attaching appender named [STDOUT] to Logger[ROOT]
11:48:49,297 |-INFO in ch.qos.logback.classic.joran.action.LoggerAction - Setting level of logger [org.rrabarg] to DEBUG
11:48:49,297 |-INFO in ch.qos.logback.classic.joran.action.LoggerAction - Setting level of logger [com.google.gdata.client.http.HttpGDataRequest] to DEBUG
11:48:49,298 |-INFO in ch.qos.logback.classic.joran.action.LoggerAction - Setting level of logger [com.google.gdata.util.XmlParser] to INFO
11:48:49,301 |-INFO in ch.qos.logback.classic.joran.action.LoggerContextListenerAction - Adding LoggerContextListener of type [ch.qos.logback.classic.jul.LevelChangePropagator] to the object stack
11:48:49,311 |-INFO in ch.qos.logback.classic.jul.LevelChangePropagator@2fc977c1 - Propagating INFO level on Logger[ROOT] onto the JUL framework
11:48:49,311 |-INFO in ch.qos.logback.classic.jul.LevelChangePropagator@2fc977c1 - Propagating DEBUG level on Logger[com.google.gdata.client.http.HttpGDataRequest] onto the JUL framework
11:48:49,311 |-INFO in ch.qos.logback.classic.jul.LevelChangePropagator@2fc977c1 - Propagating INFO level on Logger[com.google.gdata.util.XmlParser] onto the JUL framework
11:48:49,312 |-INFO in ch.qos.logback.classic.jul.LevelChangePropagator@2fc977c1 - Propagating DEBUG level on Logger[org.rrabarg] onto the JUL framework
11:48:49,312 |-INFO in ch.qos.logback.classic.joran.action.LoggerContextListenerAction - Starting LoggerContextListener
11:48:49,312 |-INFO in ch.qos.logback.classic.joran.action.ConfigurationAction - End of configuration.
11:48:49,315 |-INFO in ch.qos.logback.classic.joran.JoranConfigurator@dddbbaa - Registering current configuration as safe fallback point
11:48:50,385 |-INFO in ch.qos.logback.core.joran.spi.ConfigurationWatchList@39dc5c7a - URL [jar:file:/mnt/part3/Users/Graham1/workspace/teamcaptain/app/target/app-0.0.1-SNAPSHOT.jar!/logback.xml] is not of type file
11:48:50,396 |-INFO in ch.qos.logback.core.joran.action.AppenderAction - About to instantiate appender of type [ch.qos.logback.core.ConsoleAppender]
11:48:50,397 |-INFO in ch.qos.logback.core.joran.action.AppenderAction - Naming appender as [STDOUT]
11:48:50,398 |-INFO in ch.qos.logback.core.joran.action.NestedComplexPropertyIA - Assuming default type [ch.qos.logback.classic.encoder.PatternLayoutEncoder] for [encoder] property
11:48:50,400 |-INFO in ch.qos.logback.classic.joran.action.RootLoggerAction - Setting level of ROOT logger to INFO
11:48:50,400 |-INFO in ch.qos.logback.core.joran.action.AppenderRefAction - Attaching appender named [STDOUT] to Logger[ROOT]
11:48:50,401 |-INFO in ch.qos.logback.classic.joran.action.LoggerAction - Setting level of logger [org.rrabarg] to DEBUG
11:48:50,401 |-INFO in ch.qos.logback.classic.joran.action.LoggerAction - Setting level of logger [com.google.gdata.client.http.HttpGDataRequest] to DEBUG
11:48:50,401 |-INFO in ch.qos.logback.classic.joran.action.LoggerAction - Setting level of logger [com.google.gdata.util.XmlParser] to INFO
11:48:50,402 |-INFO in ch.qos.logback.classic.joran.action.LoggerContextListenerAction - Adding LoggerContextListener of type [ch.qos.logback.classic.jul.LevelChangePropagator] to the object stack
11:48:50,402 |-INFO in ch.qos.logback.classic.jul.LevelChangePropagator@241b4231 - Setting level of jul logger [com.google.gdata.util.XmlParser] to null
11:48:50,403 |-INFO in ch.qos.logback.classic.jul.LevelChangePropagator@241b4231 - Setting level of jul logger [org.rrabarg] to null
11:48:50,403 |-INFO in ch.qos.logback.classic.jul.LevelChangePropagator@241b4231 - Setting level of jul logger [com.google.gdata.client.http.HttpGDataRequest] to null
11:48:50,405 |-INFO in ch.qos.logback.classic.jul.LevelChangePropagator@241b4231 - Propagating INFO level on Logger[ROOT] onto the JUL framework
11:48:50,405 |-INFO in ch.qos.logback.classic.jul.LevelChangePropagator@241b4231 - Propagating DEBUG level on Logger[com.google.gdata.client.http.HttpGDataRequest] onto the JUL framework
11:48:50,405 |-INFO in ch.qos.logback.classic.jul.LevelChangePropagator@241b4231 - Propagating INFO level on Logger[com.google.gdata.util.XmlParser] onto the JUL framework
11:48:50,405 |-INFO in ch.qos.logback.classic.jul.LevelChangePropagator@241b4231 - Propagating DEBUG level on Logger[org.rrabarg] onto the JUL framework
11:48:50,406 |-INFO in ch.qos.logback.classic.joran.action.LoggerContextListenerAction - Starting LoggerContextListener
11:48:50,406 |-INFO in ch.qos.logback.classic.joran.action.ConfigurationAction - End of configuration.
11:48:50,406 |-INFO in ch.qos.logback.classic.joran.JoranConfigurator@295f799f - Registering current configuration as safe fallback point

  .   ____          _            __ _ _
 /\\ / ___'_ __ _ _(_)_ __  __ _ \ \ \ \
( ( )\___ | '_ | '_| | '_ \/ _` | \ \ \ \
 \\/  ___)| |_)| | | | | || (_| |  ) ) ) )
  '  |____| .__|_| |_|_| |_\__, | / / / /
 =========|_|==============|___/=/_/_/_/
 :: Spring Boot ::        (v1.2.4.RELEASE)

11:48:50.723 [main] INFO  o.r.t.TeamCaptainApplication - Starting TeamCaptainApplication v0.0.1-SNAPSHOT on xps with PID 12075 (/mnt/part3/Users/Graham1/workspace/teamcaptain/app/target/app-0.0.1-SNAPSHOT.jar started by graham in /mnt/part3/Users/Graham1/workspace/teamcaptain)
11:48:50.730 [main] DEBUG o.r.t.TeamCaptainApplication - Running with Spring Boot v1.2.4.RELEASE, Spring v4.1.6.RELEASE
11:48:50.846 [main] INFO  o.s.b.c.e.AnnotationConfigEmbeddedWebApplicationContext - Refreshing org.springframework.boot.context.embedded.AnnotationConfigEmbeddedWebApplicationContext@25161f42: startup date [Sat Jun 13 11:48:50 BST 2015]; root of context hierarchy
11:48:53.205 [main] INFO  o.s.b.f.s.DefaultListableBeanFactory - Overriding bean definition for bean 'beanNameViewResolver': replacing [Root bean: class [null]; scope=; abstract=false; lazyInit=false; autowireMode=3; dependencyCheck=0; autowireCandidate=true; primary=false; factoryBeanName=org.springframework.boot.autoconfigure.web.ErrorMvcAutoConfiguration$WhitelabelErrorViewConfiguration; factoryMethodName=beanNameViewResolver; initMethodName=null; destroyMethodName=(inferred); defined in class path resource [org/springframework/boot/autoconfigure/web/ErrorMvcAutoConfiguration$WhitelabelErrorViewConfiguration.class]] with [Root bean: class [null]; scope=; abstract=false; lazyInit=false; autowireMode=3; dependencyCheck=0; autowireCandidate=true; primary=false; factoryBeanName=org.springframework.boot.autoconfigure.web.WebMvcAutoConfiguration$WebMvcAutoConfigurationAdapter; factoryMethodName=beanNameViewResolver; initMethodName=null; destroyMethodName=(inferred); defined in class path resource [org/springframework/boot/autoconfigure/web/WebMvcAutoConfiguration$WebMvcAutoConfigurationAdapter.class]]
11:48:53.934 [main] INFO  o.s.b.f.a.AutowiredAnnotationBeanPostProcessor - JSR-330 'javax.inject.Inject' annotation found and supported for autowiring
11:48:54.072 [main] INFO  o.h.validator.internal.util.Version - HV000001: Hibernate Validator 5.1.3.Final
11:48:54.246 [main] INFO  o.s.c.s.PostProcessorRegistrationDelegate$BeanPostProcessorChecker - Bean 'org.springframework.scheduling.annotation.SchedulingConfiguration' of type [class org.springframework.scheduling.annotation.SchedulingConfiguration$$EnhancerBySpringCGLIB$$58e11ce9] is not eligible for getting processed by all BeanPostProcessors (for example: not eligible for auto-proxying)
11:48:56.168 [main] INFO  o.s.b.c.e.j.JettyEmbeddedServletContainerFactory - Server initialized with port: 8080
11:48:56.176 [main] INFO  org.eclipse.jetty.server.Server - jetty-9.2.10.v20150310
11:48:56.528 [main] INFO  / - Initializing Spring embedded WebApplicationContext
11:48:56.529 [main] INFO  o.s.web.context.ContextLoader - Root WebApplicationContext: initialization completed in 5687 ms
11:48:58.875 [main] INFO  o.s.b.c.e.ServletRegistrationBean - Mapping servlet: 'dispatcherServlet' to [/]
11:48:58.880 [main] INFO  o.s.b.c.e.FilterRegistrationBean - Mapping filter: 'characterEncodingFilter' to: [/*]
11:48:58.880 [main] INFO  o.s.b.c.e.FilterRegistrationBean - Mapping filter: 'hiddenHttpMethodFilter' to: [/*]
11:48:59.620 [main] INFO  o.e.j.server.handler.ContextHandler - Started o.s.b.c.e.j.JettyEmbeddedWebAppContext@6a065fed{/,null,AVAILABLE}
11:48:59.621 [main] INFO  org.eclipse.jetty.server.Server - Started @11608ms
11:49:00.567 [main] INFO  o.r.teamcaptain.config.LoggingAspect - logging aspect configured
11:49:00.568 [main] INFO  o.r.teamcaptain.config.LoggingAspect - Environment is StandardServletEnvironment {activeProfiles=[inmemory, mutableclock, androidsms, testdata, chatconsole], defaultProfiles=[default], propertySources=[servletConfigInitParams,servletContextInitParams,jndiProperties,systemProperties,systemEnvironment,random,applicationConfig: [file:./application.properties],applicationConfig: [classpath:/application.properties]]}
11:49:00.643 [main] WARN  o.r.t.config.TestDataConfig - Configuring Test Data
11:49:01.383 [main] INFO  o.r.t.testconsole.ReactorVertxBridge - Configuring reactor vertx bridge for chat console
11:49:02.291 [vert.x-eventloop-thread-3] INFO  o.r.t.t.VertXTestConsoleManager - Successfully deployed vertx module teamcaptain~web-console~1, with Deployment ID deployment-6a6f141e-f848-4956-8430-dad2fd63ce6f
11:49:02.608 [main] INFO  o.s.w.s.m.m.a.RequestMappingHandlerAdapter - Looking for @ControllerAdvice: org.springframework.boot.context.embedded.AnnotationConfigEmbeddedWebApplicationContext@25161f42: startup date [Sat Jun 13 11:48:50 BST 2015]; root of context hierarchy
11:49:02.759 [main] INFO  o.s.w.s.m.m.a.RequestMappingHandlerMapping - Mapped "{[/androidsms],methods=[GET],params=[],headers=[],consumes=[],produces=[],custom=[]}" onto public org.rrabarg.teamcaptain.channel.smsgateway.androidphone.SmsSyncResponse org.rrabarg.teamcaptain.channel.smsgateway.androidphone.AndroidPhoneSmsGatewayController.getQueuedMessages(java.lang.String)
11:49:02.760 [main] INFO  o.s.w.s.m.m.a.RequestMappingHandlerMapping - Mapped "{[/androidsms],methods=[POST],params=[],headers=[],consumes=[],produces=[],custom=[]}" onto public org.rrabarg.teamcaptain.channel.smsgateway.androidphone.SmsSyncResponse org.rrabarg.teamcaptain.channel.smsgateway.androidphone.AndroidPhoneSmsGatewayController.receiveMessage(org.rrabarg.teamcaptain.channel.smsgateway.androidphone.SyncMessage,org.springframework.validation.BindingResult)
11:49:02.763 [main] INFO  o.s.w.s.m.m.a.RequestMappingHandlerMapping - Mapped "{[/error],methods=[],params=[],headers=[],consumes=[],produces=[text/html],custom=[]}" onto public org.springframework.web.servlet.ModelAndView org.springframework.boot.autoconfigure.web.BasicErrorController.errorHtml(javax.servlet.http.HttpServletRequest)
11:49:02.764 [main] INFO  o.s.w.s.m.m.a.RequestMappingHandlerMapping - Mapped "{[/error],methods=[],params=[],headers=[],consumes=[],produces=[],custom=[]}" onto public org.springframework.http.ResponseEntity<java.util.Map<java.lang.String, java.lang.Object>> org.springframework.boot.autoconfigure.web.BasicErrorController.error(javax.servlet.http.HttpServletRequest)
11:49:02.897 [main] INFO  o.s.w.s.h.SimpleUrlHandlerMapping - Mapped URL path [/webjars/**] onto handler of type [class org.springframework.web.servlet.resource.ResourceHttpRequestHandler]
11:49:02.897 [main] INFO  o.s.w.s.h.SimpleUrlHandlerMapping - Mapped URL path [/**] onto handler of type [class org.springframework.web.servlet.resource.ResourceHttpRequestHandler]
11:49:03.054 [main] INFO  o.s.w.s.h.SimpleUrlHandlerMapping - Mapped URL path [/**/favicon.ico] onto handler of type [class org.springframework.web.servlet.resource.ResourceHttpRequestHandler]
11:49:03.457 [main] INFO  o.s.j.e.a.AnnotationMBeanExporter - Registering beans for JMX exposure on startup
11:49:03.615 [main] INFO  / - Initializing Spring FrameworkServlet 'dispatcherServlet'
11:49:03.615 [main] INFO  o.s.web.servlet.DispatcherServlet - FrameworkServlet 'dispatcherServlet': initialization started
11:49:03.712 [main] INFO  o.s.web.servlet.DispatcherServlet - FrameworkServlet 'dispatcherServlet': initialization completed in 96 ms
11:49:03.786 [main] INFO  o.e.jetty.server.ServerConnector - Started ServerConnector@1989d448{HTTP/1.1}{0.0.0.0:8080}
11:49:03.798 [main] INFO  o.s.b.c.e.j.JettyEmbeddedServletContainer - Jetty started on port(s) 8080 (http/1.1)
11:49:03.813 [main] INFO  o.r.t.TeamCaptainApplication - Started TeamCaptainApplication in 14.344 seconds (JVM running for 15.801)
